TN:
SF:src/agents/ZathrasAgent.js
FN:32,(anonymous_0)
FN:58,(anonymous_1)
FN:111,(anonymous_2)
FN:128,(anonymous_3)
FN:168,(anonymous_4)
FN:176,(anonymous_5)
FN:181,(anonymous_6)
FN:186,(anonymous_7)
FN:192,(anonymous_8)
FN:196,(anonymous_9)
FN:211,(anonymous_10)
FN:212,(anonymous_11)
FN:217,(anonymous_12)
FN:222,(anonymous_13)
FN:231,(anonymous_14)
FN:277,(anonymous_15)
FN:296,(anonymous_16)
FN:304,(anonymous_17)
FN:313,(anonymous_18)
FN:418,(anonymous_19)
FN:449,(anonymous_20)
FN:455,(anonymous_21)
FN:456,(anonymous_22)
FN:457,(anonymous_23)
FN:479,(anonymous_24)
FN:486,(anonymous_25)
FN:493,(anonymous_26)
FN:512,(anonymous_27)
FNF:28
FNH:26
FNDA:52,(anonymous_0)
FNDA:39,(anonymous_1)
FNDA:43,(anonymous_2)
FNDA:47,(anonymous_3)
FNDA:36,(anonymous_4)
FNDA:1,(anonymous_5)
FNDA:1,(anonymous_6)
FNDA:1,(anonymous_7)
FNDA:0,(anonymous_8)
FNDA:0,(anonymous_9)
FNDA:37,(anonymous_10)
FNDA:1,(anonymous_11)
FNDA:1,(anonymous_12)
FNDA:1,(anonymous_13)
FNDA:12,(anonymous_14)
FNDA:8,(anonymous_15)
FNDA:4,(anonymous_16)
FNDA:201,(anonymous_17)
FNDA:6,(anonymous_18)
FNDA:5,(anonymous_19)
FNDA:7,(anonymous_20)
FNDA:6,(anonymous_21)
FNDA:3,(anonymous_22)
FNDA:1,(anonymous_23)
FNDA:2,(anonymous_24)
FNDA:1,(anonymous_25)
FNDA:2,(anonymous_26)
FNDA:4,(anonymous_27)
DA:8,1
DA:9,1
DA:10,1
DA:11,1
DA:12,1
DA:13,1
DA:15,1
DA:20,1
DA:33,52
DA:35,52
DA:46,52
DA:47,52
DA:48,52
DA:49,52
DA:50,52
DA:52,52
DA:59,39
DA:60,1
DA:61,1
DA:64,38
DA:65,38
DA:68,38
DA:71,37
DA:78,37
DA:79,111
DA:83,37
DA:86,37
DA:87,36
DA:90,36
DA:91,36
DA:96,36
DA:102,2
DA:103,2
DA:104,1
DA:112,43
DA:113,43
DA:115,43
DA:116,2
DA:119,41
DA:122,41
DA:125,41
DA:128,41
DA:129,47
DA:130,47
DA:132,39
DA:133,39
DA:135,39
DA:136,1
DA:139,46
DA:142,41
DA:144,40
DA:145,1
DA:149,39
DA:150,39
DA:151,115
DA:154,39
DA:160,4
DA:161,4
DA:169,36
DA:170,36
DA:176,35
DA:177,1
DA:178,1
DA:181,35
DA:182,1
DA:183,1
DA:186,35
DA:187,1
DA:188,1
DA:192,35
DA:193,0
DA:196,35
DA:197,0
DA:200,35
DA:203,1
DA:204,1
DA:212,37
DA:213,1
DA:214,1
DA:217,37
DA:218,1
DA:219,1
DA:222,37
DA:223,1
DA:224,1
DA:232,12
DA:233,1
DA:236,11
DA:237,1
DA:240,10
DA:242,10
DA:244,10
DA:246,10
DA:247,10
DA:248,2
DA:249,2
DA:252,2
DA:256,8
DA:258,8
DA:260,8
DA:263,2
DA:268,2
DA:269,2
DA:281,8
DA:284,8
DA:297,4
DA:299,4
DA:300,202
DA:301,202
DA:302,1
DA:304,201
DA:307,3
DA:314,6
DA:315,1
DA:318,5
DA:319,5
DA:330,5
DA:332,5
DA:338,5
DA:340,5
DA:341,5
DA:342,5
DA:345,5
DA:346,6
DA:348,6
DA:354,6
DA:362,6
DA:363,1
DA:365,5
DA:368,4
DA:376,3
DA:377,3
DA:379,3
DA:381,3
DA:387,3
DA:393,3
DA:396,2
DA:397,2
DA:398,2
DA:400,2
DA:405,2
DA:411,2
DA:419,5
DA:420,1
DA:423,4
DA:424,4
DA:426,4
DA:428,4
DA:430,2
DA:433,1
DA:436,0
DA:439,0
DA:442,1
DA:450,7
DA:451,6
DA:452,6
DA:455,6
DA:456,6
DA:457,6
DA:458,1
DA:459,1
DA:464,2
DA:470,2
DA:473,2
DA:480,2
DA:487,1
DA:494,2
DA:496,2
DA:497,2
DA:506,2
DA:513,4
DA:515,4
DA:517,4
DA:519,4
DA:520,4
DA:524,3
DA:525,1
DA:528,3
DA:530,3
DA:531,3
DA:534,1
DA:535,1
DA:536,1
DA:541,1
LF:184
LH:180
BRDA:32,0,0,3
BRDA:36,1,0,52
BRDA:36,1,1,52
BRDA:37,2,0,52
BRDA:37,2,1,4
BRDA:40,3,0,52
BRDA:40,3,1,5
BRDA:41,4,0,52
BRDA:41,4,1,52
BRDA:42,5,0,52
BRDA:42,5,1,52
BRDA:59,6,0,1
BRDA:59,6,1,38
BRDA:86,7,0,36
BRDA:86,7,1,1
BRDA:115,8,0,2
BRDA:115,8,1,41
BRDA:130,9,0,39
BRDA:130,9,1,8
BRDA:133,10,0,39
BRDA:133,10,1,1
BRDA:135,11,0,1
BRDA:135,11,1,38
BRDA:144,12,0,1
BRDA:144,12,1,39
BRDA:231,13,0,6
BRDA:232,14,0,1
BRDA:232,14,1,11
BRDA:236,15,0,1
BRDA:236,15,1,10
BRDA:247,16,0,2
BRDA:247,16,1,8
BRDA:247,17,0,10
BRDA:247,17,1,9
BRDA:296,18,0,3
BRDA:301,19,0,1
BRDA:301,19,1,201
BRDA:301,20,0,202
BRDA:301,20,1,102
BRDA:314,21,0,1
BRDA:314,21,1,5
BRDA:362,22,0,1
BRDA:362,22,1,5
BRDA:362,23,0,6
BRDA:362,23,1,5
BRDA:365,24,0,5
BRDA:365,24,1,3
BRDA:419,25,0,1
BRDA:419,25,1,4
BRDA:424,26,0,4
BRDA:424,26,1,0
BRDA:424,26,2,0
BRDA:428,27,0,2
BRDA:428,27,1,1
BRDA:428,27,2,0
BRDA:428,27,3,0
BRDA:428,27,4,1
BRDA:449,28,0,0
BRDA:450,29,0,6
BRDA:450,29,1,1
BRDA:450,30,0,7
BRDA:450,30,1,7
BRDA:500,31,0,2
BRDA:500,31,1,0
BRDA:519,32,0,4
BRDA:519,32,1,0
BRDA:524,33,0,1
BRDA:524,33,1,2
BRDA:524,34,0,3
BRDA:524,34,1,3
BRF:70
BRH:63
end_of_record
