TN:
SF:src/index.js
FN:93,(anonymous_0)
FN:97,(anonymous_1)
FN:101,(anonymous_2)
FN:105,(anonymous_3)
FN:109,(anonymous_4)
FN:113,(anonymous_5)
FN:117,(anonymous_6)
FN:130,(anonymous_7)
FN:134,(anonymous_8)
FN:138,(anonymous_9)
FN:142,(anonymous_10)
FN:146,(anonymous_11)
FN:150,(anonymous_12)
FN:157,initialize
FN:212,shutdown
FN:237,handleError
FN:245,(anonymous_16)
FN:246,(anonymous_17)
FN:247,(anonymous_18)
FN:254,(anonymous_19)
FN:263,(anonymous_20)
FNF:21
FNH:6
FNDA:0,(anonymous_0)
FNDA:0,(anonymous_1)
FNDA:0,(anonymous_2)
FNDA:0,(anonymous_3)
FNDA:0,(anonymous_4)
FNDA:0,(anonymous_5)
FNDA:0,(anonymous_6)
FNDA:0,(anonymous_7)
FNDA:0,(anonymous_8)
FNDA:0,(anonymous_9)
FNDA:0,(anonymous_10)
FNDA:0,(anonymous_11)
FNDA:0,(anonymous_12)
FNDA:7,initialize
FNDA:104,shutdown
FNDA:0,handleError
FNDA:32,(anonymous_16)
FNDA:33,(anonymous_17)
FNDA:34,(anonymous_18)
FNDA:35,(anonymous_19)
FNDA:0,(anonymous_20)
DA:7,40
DA:8,40
DA:9,40
DA:10,40
DA:11,40
DA:12,40
DA:15,40
DA:23,40
DA:33,40
DA:49,40
DA:50,2
DA:56,40
DA:57,2
DA:63,40
DA:64,2
DA:70,40
DA:71,2
DA:77,40
DA:78,2
DA:85,40
DA:93,40
DA:94,0
DA:97,40
DA:98,0
DA:101,40
DA:102,0
DA:105,40
DA:106,0
DA:109,40
DA:110,0
DA:113,40
DA:114,0
DA:117,40
DA:118,0
DA:122,40
DA:130,40
DA:131,0
DA:134,40
DA:135,0
DA:138,40
DA:139,0
DA:142,40
DA:143,0
DA:146,40
DA:147,0
DA:150,40
DA:151,0
DA:158,7
DA:159,7
DA:166,7
DA:167,21
DA:171,7
DA:174,7
DA:175,7
DA:178,7
DA:179,7
DA:180,0
DA:186,0
DA:187,0
DA:188,0
DA:191,0
DA:192,0
DA:193,0
DA:194,0
DA:196,0
DA:199,0
DA:201,7
DA:205,7
DA:213,104
DA:215,104
DA:217,104
DA:218,0
DA:219,0
DA:222,0
DA:223,0
DA:224,0
DA:226,104
DA:230,104
DA:238,0
DA:245,40
DA:246,40
DA:247,40
DA:248,34
DA:252,34
DA:254,40
DA:255,35
DA:262,40
DA:263,0
DA:264,0
DA:265,0
DA:270,40
LF:91
LH:59
BRDA:16,0,0,40
BRDA:16,0,1,0
BRDA:24,1,0,40
BRDA:24,1,1,1
BRDA:25,2,0,40
BRDA:25,2,1,1
BRDA:26,3,0,40
BRDA:26,3,1,40
BRDA:27,4,0,40
BRDA:27,4,1,1
BRDA:29,5,0,40
BRDA:29,5,1,1
BRDA:49,6,0,2
BRDA:49,6,1,38
BRDA:56,7,0,2
BRDA:56,7,1,38
BRDA:63,8,0,2
BRDA:63,8,1,38
BRDA:70,9,0,2
BRDA:70,9,1,38
BRDA:77,10,0,2
BRDA:77,10,1,38
BRDA:123,11,0,40
BRDA:123,11,1,40
BRDA:191,12,0,0
BRDA:191,12,1,0
BRDA:217,13,0,0
BRDA:217,13,1,0
BRDA:262,14,0,0
BRDA:262,14,1,40
BRF:30
BRH:24
end_of_record
TN:
SF:src/mcp/orchestrator.js
FN:31,(anonymous_0)
FN:52,(anonymous_1)
FN:80,(anonymous_2)
FN:100,(anonymous_3)
FN:130,(anonymous_4)
FN:136,(anonymous_5)
FN:142,(anonymous_6)
FN:156,(anonymous_7)
FN:178,(anonymous_8)
FN:198,(anonymous_9)
FN:199,(anonymous_10)
FN:208,(anonymous_11)
FN:237,(anonymous_12)
FN:240,(anonymous_13)
FN:248,(anonymous_14)
FN:262,(anonymous_15)
FN:264,(anonymous_16)
FN:274,(anonymous_17)
FN:280,(anonymous_18)
FN:288,(anonymous_19)
FN:302,(anonymous_20)
FN:313,(anonymous_21)
FN:322,(anonymous_22)
FN:333,(anonymous_23)
FN:354,(anonymous_24)
FN:365,(anonymous_25)
FN:398,(anonymous_26)
FN:409,(anonymous_27)
FN:416,(anonymous_28)
FN:417,(anonymous_29)
FN:426,(anonymous_30)
FN:437,(anonymous_31)
FN:461,(anonymous_32)
FNF:33
FNH:29
FNDA:48,(anonymous_0)
FNDA:59,(anonymous_1)
FNDA:4,(anonymous_2)
FNDA:53,(anonymous_3)
FNDA:1,(anonymous_4)
FNDA:1,(anonymous_5)
FNDA:18,(anonymous_6)
FNDA:1,(anonymous_7)
FNDA:17,(anonymous_8)
FNDA:15,(anonymous_9)
FNDA:2,(anonymous_10)
FNDA:13,(anonymous_11)
FNDA:1,(anonymous_12)
FNDA:1,(anonymous_13)
FNDA:1,(anonymous_14)
FNDA:1,(anonymous_15)
FNDA:0,(anonymous_16)
FNDA:6,(anonymous_17)
FNDA:0,(anonymous_18)
FNDA:18,(anonymous_19)
FNDA:4,(anonymous_20)
FNDA:0,(anonymous_21)
FNDA:10,(anonymous_22)
FNDA:4,(anonymous_23)
FNDA:1,(anonymous_24)
FNDA:7,(anonymous_25)
FNDA:2,(anonymous_26)
FNDA:11,(anonymous_27)
FNDA:1,(anonymous_28)
FNDA:0,(anonymous_29)
FNDA:7,(anonymous_30)
FNDA:1,(anonymous_31)
FNDA:1,(anonymous_32)
DA:7,2
DA:8,2
DA:9,2
DA:10,2
DA:11,2
DA:13,2
DA:18,2
DA:32,48
DA:33,48
DA:34,48
DA:35,48
DA:36,48
DA:37,48
DA:38,48
DA:39,48
DA:40,48
DA:42,48
DA:53,59
DA:54,1
DA:55,1
DA:58,58
DA:71,58
DA:72,58
DA:73,58
DA:74,58
DA:81,4
DA:82,4
DA:83,1
DA:84,1
DA:87,3
DA:88,1
DA:91,3
DA:92,3
DA:93,3
DA:94,3
DA:101,53
DA:102,53
DA:103,1
DA:104,1
DA:107,52
DA:108,1
DA:109,1
DA:112,51
DA:113,51
DA:115,51
DA:116,51
DA:117,51
DA:123,51
DA:124,51
DA:125,51
DA:126,51
DA:127,51
DA:130,51
DA:131,1
DA:132,1
DA:136,51
DA:137,1
DA:138,1
DA:142,51
DA:143,18
DA:144,18
DA:145,18
DA:146,18
DA:148,18
DA:150,18
DA:151,1
DA:156,51
DA:157,1
DA:158,1
DA:159,1
DA:160,1
DA:163,51
DA:164,51
DA:165,51
DA:167,0
DA:168,0
DA:169,0
DA:170,0
DA:171,0
DA:179,17
DA:180,17
DA:181,1
DA:182,1
DA:185,16
DA:186,1
DA:187,1
DA:190,15
DA:191,15
DA:193,15
DA:194,15
DA:195,15
DA:198,15
DA:199,15
DA:200,2
DA:201,2
DA:202,2
DA:204,2
DA:207,15
DA:208,15
DA:209,13
DA:210,13
DA:213,0
DA:214,0
DA:219,15
DA:220,15
DA:221,15
DA:222,15
DA:223,15
DA:224,14
DA:226,1
DA:227,1
DA:228,1
DA:229,1
DA:230,1
DA:238,1
DA:239,1
DA:240,1
DA:241,1
DA:242,1
DA:249,1
DA:250,1
DA:252,1
DA:253,1
DA:255,1
DA:262,1
DA:263,1
DA:264,1
DA:265,0
DA:275,6
DA:276,6
DA:278,6
DA:279,18
DA:281,0
DA:282,0
DA:287,6
DA:288,18
DA:290,6
DA:291,6
DA:294,6
DA:296,6
DA:303,4
DA:306,4
DA:308,4
DA:310,4
DA:311,10
DA:312,10
DA:314,0
DA:315,0
DA:321,4
DA:322,10
DA:324,4
DA:325,4
DA:327,4
DA:334,4
DA:335,4
DA:336,1
DA:339,3
DA:355,1
DA:356,1
DA:357,2
DA:359,1
DA:366,7
DA:367,7
DA:369,7
DA:370,7
DA:372,6
DA:373,6
DA:374,6
DA:376,6
DA:377,2
DA:378,2
DA:381,6
DA:383,1
DA:384,1
DA:385,1
DA:388,0
DA:389,0
DA:390,0
DA:391,0
DA:399,2
DA:400,2
DA:401,3
DA:403,2
DA:410,11
DA:411,1
DA:414,10
DA:416,10
DA:417,1
DA:418,0
DA:427,7
DA:428,6
DA:429,6
DA:430,6
DA:438,1
DA:447,1
DA:448,3
DA:449,3
DA:450,3
DA:451,3
DA:452,3
DA:455,1
DA:462,1
DA:463,1
DA:464,1
DA:465,1
DA:466,1
DA:470,2
DA:471,2
LF:208
LH:191
BRDA:31,0,0,1
BRDA:35,1,0,48
BRDA:35,1,1,1
BRDA:37,2,0,48
BRDA:37,2,1,1
BRDA:39,3,0,48
BRDA:39,3,1,1
BRDA:40,4,0,48
BRDA:40,4,1,1
BRDA:53,5,0,1
BRDA:53,5,1,58
BRDA:82,6,0,1
BRDA:82,6,1,3
BRDA:87,7,0,1
BRDA:87,7,1,2
BRDA:102,8,0,1
BRDA:102,8,1,52
BRDA:107,9,0,1
BRDA:107,9,1,51
BRDA:116,10,0,5
BRDA:144,11,0,16
BRDA:144,11,1,2
BRDA:150,12,0,1
BRDA:150,12,1,17
BRDA:150,13,0,18
BRDA:150,13,1,2
BRDA:150,13,2,2
BRDA:180,14,0,1
BRDA:180,14,1,16
BRDA:185,15,0,1
BRDA:185,15,1,15
BRDA:194,16,0,15
BRDA:194,16,1,0
BRDA:200,17,0,2
BRDA:200,17,1,0
BRDA:207,18,0,15
BRDA:207,18,1,0
BRDA:250,19,0,0
BRDA:250,19,1,1
BRDA:263,20,0,1
BRDA:263,20,1,0
BRDA:311,21,0,10
BRDA:311,21,1,0
BRDA:335,22,0,1
BRDA:335,22,1,3
BRDA:343,23,0,2
BRDA:343,23,1,1
BRDA:367,24,0,0
BRDA:367,24,1,7
BRDA:370,25,0,6
BRDA:370,25,1,1
BRDA:370,26,0,7
BRDA:370,26,1,6
BRDA:373,27,0,4
BRDA:373,27,1,2
BRDA:376,28,0,2
BRDA:376,28,1,4
BRDA:410,29,0,1
BRDA:410,29,1,10
BRDA:427,30,0,6
BRDA:427,30,1,1
BRDA:448,31,0,2
BRDA:448,31,1,1
BRDA:449,32,0,1
BRDA:449,32,1,2
BRDA:450,33,0,0
BRDA:450,33,1,3
BRDA:451,34,0,0
BRDA:451,34,1,3
BRDA:452,35,0,0
BRDA:452,35,1,3
BRF:71
BRH:61
end_of_record
TN:
SF:src/ui/dashboard-server.js
FN:17,(anonymous_0)
FN:36,(anonymous_1)
FN:44,(anonymous_2)
FN:52,(anonymous_3)
FN:54,(anonymous_4)
FN:59,(anonymous_5)
FN:65,(anonymous_6)
FN:77,(anonymous_7)
FN:90,(anonymous_8)
FN:103,(anonymous_9)
FN:116,(anonymous_10)
FN:127,(anonymous_11)
FN:138,(anonymous_12)
FN:148,(anonymous_13)
FN:150,(anonymous_14)
FN:158,(anonymous_15)
FN:167,(anonymous_16)
FN:176,(anonymous_17)
FN:190,(anonymous_18)
FN:191,(anonymous_19)
FN:201,(anonymous_20)
FN:219,(anonymous_21)
FN:222,(anonymous_22)
FN:229,(anonymous_23)
FN:230,(anonymous_24)
FN:231,(anonymous_25)
FN:241,(anonymous_26)
FN:242,(anonymous_27)
FN:244,(anonymous_28)
FN:248,(anonymous_29)
FN:249,(anonymous_30)
FNF:31
FNH:0
FNDA:0,(anonymous_0)
FNDA:0,(anonymous_1)
FNDA:0,(anonymous_2)
FNDA:0,(anonymous_3)
FNDA:0,(anonymous_4)
FNDA:0,(anonymous_5)
FNDA:0,(anonymous_6)
FNDA:0,(anonymous_7)
FNDA:0,(anonymous_8)
FNDA:0,(anonymous_9)
FNDA:0,(anonymous_10)
FNDA:0,(anonymous_11)
FNDA:0,(anonymous_12)
FNDA:0,(anonymous_13)
FNDA:0,(anonymous_14)
FNDA:0,(anonymous_15)
FNDA:0,(anonymous_16)
FNDA:0,(anonymous_17)
FNDA:0,(anonymous_18)
FNDA:0,(anonymous_19)
FNDA:0,(anonymous_20)
FNDA:0,(anonymous_21)
FNDA:0,(anonymous_22)
FNDA:0,(anonymous_23)
FNDA:0,(anonymous_24)
FNDA:0,(anonymous_25)
FNDA:0,(anonymous_26)
FNDA:0,(anonymous_27)
FNDA:0,(anonymous_28)
FNDA:0,(anonymous_29)
FNDA:0,(anonymous_30)
DA:7,0
DA:8,0
DA:9,0
DA:10,0
DA:11,0
DA:12,0
DA:14,0
DA:18,0
DA:19,0
DA:20,0
DA:23,0
DA:24,0
DA:27,0
DA:29,0
DA:30,0
DA:31,0
DA:33,0
DA:38,0
DA:41,0
DA:44,0
DA:45,0
DA:46,0
DA:47,0
DA:48,0
DA:54,0
DA:55,0
DA:59,0
DA:60,0
DA:61,0
DA:65,0
DA:66,0
DA:67,0
DA:69,0
DA:70,0
DA:73,0
DA:77,0
DA:78,0
DA:80,0
DA:81,0
DA:82,0
DA:84,0
DA:85,0
DA:90,0
DA:91,0
DA:93,0
DA:94,0
DA:95,0
DA:97,0
DA:98,0
DA:103,0
DA:104,0
DA:106,0
DA:107,0
DA:108,0
DA:110,0
DA:111,0
DA:116,0
DA:117,0
DA:118,0
DA:119,0
DA:121,0
DA:122,0
DA:127,0
DA:128,0
DA:129,0
DA:130,0
DA:132,0
DA:133,0
DA:138,0
DA:139,0
DA:150,0
DA:151,0
DA:154,0
DA:155,0
DA:158,0
DA:159,0
DA:160,0
DA:161,0
DA:163,0
DA:167,0
DA:168,0
DA:173,0
DA:177,0
DA:190,0
DA:191,0
DA:192,0
DA:202,0
DA:204,0
DA:207,0
DA:208,0
DA:211,0
DA:212,0
DA:215,0
DA:220,0
DA:222,0
DA:223,0
DA:224,0
DA:230,0
DA:231,0
DA:232,0
DA:236,0
DA:242,0
DA:244,0
DA:245,0
DA:248,0
DA:249,0
DA:250,0
DA:251,0
DA:258,0
LF:109
LH:0
BRDA:17,0,0,0
BRDA:19,1,0,0
BRDA:19,1,1,0
BRDA:19,1,2,0
BRDA:69,2,0,0
BRDA:69,2,1,0
BRDA:204,3,0,0
BRDA:204,3,1,0
BRDA:204,3,2,0
BRDA:207,4,0,0
BRDA:207,4,1,0
BRDA:223,5,0,0
BRDA:223,5,1,0
BRF:13
BRH:0
end_of_record
TN:
SF:src/unity/unity-bridge.js
FN:28,(anonymous_0)
FN:53,(anonymous_1)
FN:70,(anonymous_2)
FN:124,(anonymous_3)
FN:130,(anonymous_4)
FN:140,(anonymous_5)
FN:161,(anonymous_6)
FN:167,(anonymous_7)
FN:174,(anonymous_8)
FN:183,(anonymous_9)
FN:231,(anonymous_10)
FN:237,(anonymous_11)
FN:240,(anonymous_12)
FN:246,(anonymous_13)
FN:256,(anonymous_14)
FN:267,(anonymous_15)
FN:293,(anonymous_16)
FN:301,(anonymous_17)
FN:315,(anonymous_18)
FN:335,(anonymous_19)
FN:347,(anonymous_20)
FN:360,(anonymous_21)
FN:375,(anonymous_22)
FN:383,(anonymous_23)
FN:396,(anonymous_24)
FNF:25
FNH:25
FNDA:62,(anonymous_0)
FNDA:61,(anonymous_1)
FNDA:34,(anonymous_2)
FNDA:37,(anonymous_3)
FNDA:27,(anonymous_4)
FNDA:28,(anonymous_5)
FNDA:2,(anonymous_6)
FNDA:3,(anonymous_7)
FNDA:1,(anonymous_8)
FNDA:21,(anonymous_9)
FNDA:7,(anonymous_10)
FNDA:6,(anonymous_11)
FNDA:1,(anonymous_12)
FNDA:5,(anonymous_13)
FNDA:3,(anonymous_14)
FNDA:26,(anonymous_15)
FNDA:7,(anonymous_16)
FNDA:6,(anonymous_17)
FNDA:2,(anonymous_18)
FNDA:1,(anonymous_19)
FNDA:2,(anonymous_20)
FNDA:1,(anonymous_21)
FNDA:1,(anonymous_22)
FNDA:2,(anonymous_23)
FNDA:2,(anonymous_24)
DA:7,3
DA:8,3
DA:9,3
DA:10,3
DA:12,3
DA:17,3
DA:29,62
DA:30,62
DA:31,62
DA:32,62
DA:33,62
DA:34,62
DA:35,62
DA:43,62
DA:54,61
DA:56,61
DA:57,59
DA:58,2
DA:59,1
DA:60,1
DA:61,1
DA:64,0
DA:71,34
DA:72,1
DA:73,1
DA:76,33
DA:77,33
DA:80,33
DA:91,33
DA:100,31
DA:101,31
DA:103,31
DA:108,31
DA:113,31
DA:115,2
DA:116,2
DA:117,2
DA:125,37
DA:128,37
DA:130,37
DA:131,27
DA:134,27
DA:137,27
DA:140,27
DA:141,28
DA:142,28
DA:144,24
DA:146,24
DA:147,21
DA:150,3
DA:151,3
DA:154,3
DA:155,1
DA:161,37
DA:162,2
DA:163,2
DA:164,2
DA:167,37
DA:168,3
DA:169,3
DA:170,3
DA:171,3
DA:174,37
DA:175,1
DA:176,1
DA:184,21
DA:185,1
DA:186,1
DA:189,20
DA:192,20
DA:195,20
DA:197,4
DA:198,4
DA:199,4
DA:202,2
DA:203,2
DA:206,3
DA:207,3
DA:210,5
DA:211,5
DA:216,5
DA:219,4
DA:220,4
DA:223,2
DA:224,2
DA:232,7
DA:233,1
DA:234,1
DA:237,6
DA:238,6
DA:240,6
DA:241,1
DA:242,1
DA:243,1
DA:246,6
DA:247,5
DA:248,5
DA:249,5
DA:253,6
DA:256,6
DA:257,3
DA:258,3
DA:268,26
DA:269,2
DA:270,2
DA:273,24
DA:274,24
DA:279,24
DA:280,24
DA:281,22
DA:282,22
DA:284,2
DA:285,2
DA:294,7
DA:295,7
DA:302,6
DA:304,6
DA:305,3
DA:308,6
DA:309,6
DA:316,2
DA:328,2
DA:329,2
DA:336,1
DA:341,1
DA:348,2
DA:354,2
DA:361,1
DA:368,1
DA:369,1
DA:376,1
DA:377,1
DA:384,2
DA:390,2
DA:397,2
DA:407,3
DA:408,3
LF:137
LH:136
BRDA:28,0,0,61
BRDA:31,1,0,62
BRDA:31,1,1,61
BRDA:32,2,0,62
BRDA:32,2,1,61
BRDA:35,3,0,62
BRDA:35,3,1,61
BRDA:56,4,0,59
BRDA:56,4,1,2
BRDA:58,5,0,1
BRDA:58,5,1,1
BRDA:60,6,0,1
BRDA:60,6,1,0
BRDA:70,7,0,33
BRDA:71,8,0,1
BRDA:71,8,1,33
BRDA:95,9,0,33
BRDA:95,9,1,33
BRDA:125,10,0,0
BRDA:125,10,1,37
BRDA:137,11,0,27
BRDA:137,11,1,23
BRDA:142,12,0,4
BRDA:142,12,1,24
BRDA:154,13,0,1
BRDA:154,13,1,2
BRDA:184,14,0,1
BRDA:184,14,1,20
BRDA:195,15,0,4
BRDA:195,15,1,2
BRDA:195,15,2,3
BRDA:195,15,3,5
BRDA:195,15,4,4
BRDA:195,15,5,2
BRDA:232,16,0,1
BRDA:232,16,1,6
BRDA:232,17,0,7
BRDA:232,17,1,6
BRDA:257,18,0,3
BRDA:257,18,1,0
BRDA:267,19,0,0
BRDA:268,20,0,2
BRDA:268,20,1,24
BRDA:268,21,0,26
BRDA:268,21,1,24
BRDA:295,22,0,7
BRDA:295,22,1,7
BRDA:304,23,0,3
BRDA:304,23,1,3
BRDA:315,24,0,0
BRDA:317,25,0,2
BRDA:317,25,1,0
BRDA:318,26,0,2
BRDA:318,26,1,2
BRDA:318,26,2,0
BRDA:319,27,0,2
BRDA:319,27,1,0
BRDA:319,27,2,0
BRDA:320,28,0,2
BRDA:320,28,1,1
BRDA:320,28,2,0
BRDA:321,29,0,2
BRDA:321,29,1,1
BRDA:322,30,0,2
BRDA:322,30,1,2
BRDA:323,31,0,2
BRDA:323,31,1,2
BRDA:324,32,0,2
BRDA:324,32,1,2
BRDA:325,33,0,2
BRDA:325,33,1,1
BRDA:335,34,0,0
BRDA:337,35,0,1
BRDA:337,35,1,0
BRDA:338,36,0,1
BRDA:338,36,1,0
BRDA:347,37,0,0
BRDA:347,38,0,0
BRDA:347,39,0,1
BRDA:360,40,0,0
BRDA:362,41,0,1
BRDA:362,41,1,0
BRDA:363,42,0,1
BRDA:363,42,1,0
BRDA:364,43,0,1
BRDA:364,43,1,0
BRDA:375,44,0,0
BRDA:383,45,0,1
BRDA:399,46,0,2
BRDA:399,46,1,1
BRF:90
BRH:70
end_of_record
TN:
SF:src/utils/logger.js
FN:33,(anonymous_0)
FN:55,(anonymous_1)
FN:63,(anonymous_2)
FN:72,(anonymous_3)
FN:79,(anonymous_4)
FN:109,(anonymous_5)
FN:132,(anonymous_6)
FN:147,(anonymous_7)
FN:166,(anonymous_8)
FN:173,(anonymous_9)
FN:180,(anonymous_10)
FN:187,(anonymous_11)
FN:194,(anonymous_12)
FN:201,(anonymous_13)
FN:217,(anonymous_14)
FN:224,(anonymous_15)
FNF:16
FNH:16
FNDA:34,(anonymous_0)
FNDA:536,(anonymous_1)
FNDA:264,(anonymous_2)
FNDA:258,(anonymous_3)
FNDA:13,(anonymous_4)
FNDA:246,(anonymous_5)
FNDA:9,(anonymous_6)
FNDA:259,(anonymous_7)
FNDA:6,(anonymous_8)
FNDA:10,(anonymous_9)
FNDA:238,(anonymous_10)
FNDA:4,(anonymous_11)
FNDA:1,(anonymous_12)
FNDA:2,(anonymous_13)
FNDA:2,(anonymous_14)
FNDA:3,(anonymous_15)
DA:7,5
DA:8,5
DA:9,5
DA:12,5
DA:20,5
DA:23,5
DA:34,34
DA:35,34
DA:36,34
DA:37,34
DA:38,34
DA:39,34
DA:40,34
DA:41,34
DA:44,34
DA:45,13
DA:46,13
DA:47,2
DA:56,536
DA:57,536
DA:64,264
DA:65,264
DA:66,264
DA:73,258
DA:80,13
DA:81,13
DA:83,13
DA:84,1
DA:92,12
DA:93,12
DA:94,11
DA:96,12
DA:97,12
DA:99,12
DA:100,3
DA:103,12
DA:110,246
DA:111,246
DA:112,246
DA:113,246
DA:115,246
DA:116,246
DA:117,246
DA:119,246
DA:120,246
DA:122,246
DA:123,245
DA:126,246
DA:133,9
DA:134,0
DA:137,9
DA:138,9
DA:140,0
DA:148,259
DA:149,4
DA:152,255
DA:153,245
DA:154,245
DA:157,255
DA:158,9
DA:159,9
DA:167,6
DA:174,10
DA:181,238
DA:188,4
DA:195,1
DA:202,2
DA:218,2
DA:225,3
DA:230,5
DA:233,5
DA:234,5
DA:235,5
DA:236,5
LF:74
LH:72
BRDA:33,0,0,7
BRDA:34,1,0,34
BRDA:34,1,1,24
BRDA:34,1,2,23
BRDA:35,2,0,34
BRDA:35,2,1,21
BRDA:35,2,2,20
BRDA:37,3,0,34
BRDA:37,3,1,22
BRDA:38,4,0,34
BRDA:38,4,1,31
BRDA:41,5,0,34
BRDA:41,5,1,29
BRDA:44,6,0,13
BRDA:44,6,1,21
BRDA:44,7,0,34
BRDA:44,7,1,13
BRDA:46,8,0,2
BRDA:46,8,1,11
BRDA:57,9,0,535
BRDA:57,9,1,1
BRDA:79,10,0,2
BRDA:80,11,0,12
BRDA:80,11,1,1
BRDA:81,12,0,13
BRDA:81,12,1,0
BRDA:83,13,0,1
BRDA:83,13,1,12
BRDA:93,14,0,11
BRDA:93,14,1,1
BRDA:99,15,0,3
BRDA:99,15,1,9
BRDA:109,16,0,1
BRDA:110,17,0,246
BRDA:110,17,1,0
BRDA:111,18,0,246
BRDA:111,18,1,0
BRDA:112,19,0,246
BRDA:112,19,1,0
BRDA:116,20,0,246
BRDA:116,20,1,0
BRDA:122,21,0,245
BRDA:122,21,1,1
BRDA:133,22,0,0
BRDA:133,22,1,9
BRDA:133,23,0,9
BRDA:133,23,1,9
BRDA:147,24,0,0
BRDA:148,25,0,4
BRDA:148,25,1,255
BRDA:152,26,0,245
BRDA:152,26,1,10
BRDA:157,27,0,9
BRDA:157,27,1,246
BRDA:166,28,0,1
BRDA:173,29,0,2
BRDA:180,30,0,23
BRDA:187,31,0,4
BRDA:194,32,0,1
BRDA:201,33,0,0
BRF:60
BRH:52
end_of_record
